# JRE version: OpenJDK Runtime Environment GraalVM CE 22.3.0 (17.0.5+8) (build 17.0.5+8-jvmci-22.3-b08)
# Java VM: OpenJDK 64-Bit Server VM GraalVM CE 22.3.0 (17.0.5+8-jvmci-22.3-b08, mixed mode, sharing, tiered, jvmci, jvmci compiler, compressed oops, compressed class ptrs, parallel gc, linux-amd64)
GC Precious Log:
 CPUs: 8 total, 1 available
 Memory: 1024M
 Large Page Support: Disabled
 NUMA Support: Disabled
 Compressed Oops: Enabled (32-bit)
 Alignments: Space 512K, Generation 512K, Heap 2M
 Heap Min Capacity: 100M
 Heap Initial Capacity: 100M
 Heap Max Capacity: 512M
 Pre-touch: Disabled
 Parallel Workers: 1
Heap:
 PSYoungGen      total 44544K, used 31744K [0x00000000f5580000, 0x00000000f8f80000, 0x0000000100000000)
  eden space 31744K, 100% used [0x00000000f5580000,0x00000000f7480000,0x00000000f7480000)
  from space 12800K, 0% used [0x00000000f8100000,0x00000000f8100000,0x00000000f8d80000)
  to   space 12800K, 0% used [0x00000000f7480000,0x00000000f7480000,0x00000000f8100000)
 ParOldGen       total 349696K, used 349695K [0x00000000e0000000, 0x00000000f5580000, 0x00000000f5580000)
  object space 349696K, 99% used [0x00000000e0000000,0x00000000f557fdd0,0x00000000f5580000)
 Metaspace       used 61168K, committed 62144K, reserved 1105920K
  class space    used 6018K, committed 6464K, reserved 1048576K
GC Heap History (20 events):
Event: 630.667 GC heap before
{Heap before GC invocations=548 (full 371):
 PSYoungGen      total 44544K, used 31743K [0x00000000f5580000, 0x00000000f8f80000, 0x0000000100000000)
  eden space 31744K, 99% used [0x00000000f5580000,0x00000000f747fff8,0x00000000f7480000)
  from space 12800K, 0% used [0x00000000f8100000,0x00000000f8100000,0x00000000f8d80000)
  to   space 12800K, 0% used [0x00000000f7480000,0x00000000f7480000,0x00000000f8100000)
 ParOldGen       total 349696K, used 349692K [0x00000000e0000000, 0x00000000f5580000, 0x00000000f5580000)
  object space 349696K, 99% used [0x00000000e0000000,0x00000000f557f0e0,0x00000000f5580000)
 Metaspace       used 61168K, committed 62144K, reserved 1105920K
  class space    used 6018K, committed 6464K, reserved 1048576K
}
Event: 632.078 GC heap after
{Heap after GC invocations=548 (full 371):
 PSYoungGen      total 44544K, used 31743K [0x00000000f5580000, 0x00000000f8f80000, 0x0000000100000000)
  eden space 31744K, 99% used [0x00000000f5580000,0x00000000f747fe28,0x00000000f7480000)
  from space 12800K, 0% used [0x00000000f7480000,0x00000000f7480000,0x00000000f8100000)
  to   space 12800K, 0% used [0x00000000f8100000,0x00000000f8100000,0x00000000f8d80000)
 ParOldGen       total 349696K, used 349689K [0x00000000e0000000, 0x00000000f5580000, 0x00000000f5580000)
  object space 349696K, 99% used [0x00000000e0000000,0x00000000f557e550,0x00000000f5580000)
 Metaspace       used 61168K, committed 62144K, reserved 1105920K
  class space    used 6018K, committed 6464K, reserved 1048576K
}
Event: 632.079 GC heap before
{Heap before GC invocations=549 (full 372):
 PSYoungGen      total 44544K, used 31743K [0x00000000f5580000, 0x00000000f8f80000, 0x0000000100000000)
  eden space 31744K, 99% used [0x00000000f5580000,0x00000000f747fff8,0x00000000f7480000)
  from space 12800K, 0% used [0x00000000f7480000,0x00000000f7480000,0x00000000f8100000)
  to   space 12800K, 0% used [0x00000000f8100000,0x00000000f8100000,0x00000000f8d80000)
 ParOldGen       total 349696K, used 349695K [0x00000000e0000000, 0x00000000f5580000, 0x00000000f5580000)
  object space 349696K, 99% used [0x00000000e0000000,0x00000000f557fff8,0x00000000f5580000)
 Metaspace       used 61168K, committed 62144K, reserved 1105920K
  class space    used 6018K, committed 6464K, reserved 1048576K
}
Event: 633.460 GC heap after
{Heap after GC invocations=549 (full 372):
 PSYoungGen      total 44544K, used 31743K [0x00000000f5580000, 0x00000000f8f80000, 0x0000000100000000)
  eden space 31744K, 99% used [0x00000000f5580000,0x00000000f747ff48,0x00000000f7480000)
  from space 12800K, 0% used [0x00000000f8100000,0x00000000f8100000,0x00000000f8d80000)
  to   space 12800K, 0% used [0x00000000f7480000,0x00000000f7480000,0x00000000f8100000)
 ParOldGen       total 349696K, used 349693K [0x00000000e0000000, 0x00000000f5580000, 0x00000000f5580000)
  object space 349696K, 99% used [0x00000000e0000000,0x00000000f557f6e8,0x00000000f5580000)
 Metaspace       used 61168K, committed 62144K, reserved 1105920K
  class space    used 6018K, committed 6464K, reserved 1048576K
}
Event: 633.461 GC heap before
{Heap before GC invocations=550 (full 373):
 PSYoungGen      total 44544K, used 31744K [0x00000000f5580000, 0x00000000f8f80000, 0x0000000100000000)
  eden space 31744K, 100% used [0x00000000f5580000,0x00000000f7480000,0x00000000f7480000)
  from space 12800K, 0% used [0x00000000f8100000,0x00000000f8100000,0x00000000f8d80000)
  to   space 12800K, 0% used [0x00000000f7480000,0x00000000f7480000,0x00000000f8100000)
 ParOldGen       total 349696K, used 349693K [0x00000000e0000000, 0x00000000f5580000, 0x00000000f5580000)
  object space 349696K, 99% used [0x00000000e0000000,0x00000000f557f6e8,0x00000000f5580000)
 Metaspace       used 61168K, committed 62144K, reserved 1105920K
  class space    used 6018K, committed 6464K, reserved 1048576K
}
Event: 635.043 GC heap after
{Heap after GC invocations=550 (full 373):
 PSYoungGen      total 44544K, used 31743K [0x00000000f5580000, 0x00000000f8f80000, 0x0000000100000000)
  eden space 31744K, 99% used [0x00000000f5580000,0x00000000f747ff60,0x00000000f7480000)
  from space 12800K, 0% used [0x00000000f7480000,0x00000000f7480000,0x00000000f8100000)
  to   space 12800K, 0% used [0x00000000f8100000,0x00000000f8100000,0x00000000f8d80000)
 ParOldGen       total 349696K, used 349693K [0x00000000e0000000, 0x00000000f5580000, 0x00000000f5580000)
  object space 349696K, 99% used [0x00000000e0000000,0x00000000f557f6e8,0x00000000f5580000)
 Metaspace       used 61168K, committed 62144K, reserved 1105920K
  class space    used 6018K, committed 6464K, reserved 1048576K
}
Event: 635.047 GC heap before
{Heap before GC invocations=551 (full 374):
 PSYoungGen      total 44544K, used 31744K [0x00000000f5580000, 0x00000000f8f80000, 0x0000000100000000)
  eden space 31744K, 100% used [0x00000000f5580000,0x00000000f7480000,0x00000000f7480000)
  from space 12800K, 0% used [0x00000000f7480000,0x00000000f7480000,0x00000000f8100000)
  to   space 12800K, 0% used [0x00000000f8100000,0x00000000f8100000,0x00000000f8d80000)
 ParOldGen       total 349696K, used 349693K [0x00000000e0000000, 0x00000000f5580000, 0x00000000f5580000)
  object space 349696K, 99% used [0x00000000e0000000,0x00000000f557f6e8,0x00000000f5580000)
 Metaspace       used 61168K, committed 62144K, reserved 1105920K
  class space    used 6018K, committed 6464K, reserved 1048576K
}
Event: 636.494 GC heap after
{Heap after GC invocations=551 (full 374):
 PSYoungGen      total 44544K, used 31743K [0x00000000f5580000, 0x00000000f8f80000, 0x0000000100000000)
  eden space 31744K, 99% used [0x00000000f5580000,0x00000000f747ff60,0x00000000f7480000)
  from space 12800K, 0% used [0x00000000f8100000,0x00000000f8100000,0x00000000f8d80000)
  to   space 12800K, 0% used [0x00000000f7480000,0x00000000f7480000,0x00000000f8100000)
 ParOldGen       total 349696K, used 349693K [0x00000000e0000000, 0x00000000f5580000, 0x00000000f5580000)
  object space 349696K, 99% used [0x00000000e0000000,0x00000000f557f6e8,0x00000000f5580000)
 Metaspace       used 61168K, committed 62144K, reserved 1105920K
  class space    used 6018K, committed 6464K, reserved 1048576K
}
Event: 636.494 GC heap before
{Heap before GC invocations=552 (full 375):
 PSYoungGen      total 44544K, used 31744K [0x00000000f5580000, 0x00000000f8f80000, 0x0000000100000000)
  eden space 31744K, 100% used [0x00000000f5580000,0x00000000f7480000,0x00000000f7480000)
  from space 12800K, 0% used [0x00000000f8100000,0x00000000f8100000,0x00000000f8d80000)
  to   space 12800K, 0% used [0x00000000f7480000,0x00000000f7480000,0x00000000f8100000)
 ParOldGen       total 349696K, used 349693K [0x00000000e0000000, 0x00000000f5580000, 0x00000000f5580000)
  object space 349696K, 99% used [0x00000000e0000000,0x00000000f557f6e8,0x00000000f5580000)
 Metaspace       used 61168K, committed 62144K, reserved 1105920K
  class space    used 6018K, committed 6464K, reserved 1048576K
}
Event: 637.984 GC heap after
{Heap after GC invocations=552 (full 375):
 PSYoungGen      total 44544K, used 31743K [0x00000000f5580000, 0x00000000f8f80000, 0x0000000100000000)
  eden space 31744K, 99% used [0x00000000f5580000,0x00000000f747ff60,0x00000000f7480000)
  from space 12800K, 0% used [0x00000000f7480000,0x00000000f7480000,0x00000000f8100000)
  to   space 12800K, 0% used [0x00000000f8100000,0x00000000f8100000,0x00000000f8d80000)
 ParOldGen       total 349696K, used 349693K [0x00000000e0000000, 0x00000000f5580000, 0x00000000f5580000)
  object space 349696K, 99% used [0x00000000e0000000,0x00000000f557f6e8,0x00000000f5580000)
 Metaspace       used 61168K, committed 62144K, reserved 1105920K
  class space    used 6018K, committed 6464K, reserved 1048576K
}
Event: 637.986 GC heap before
{Heap before GC invocations=553 (full 376):
 PSYoungGen      total 44544K, used 31744K [0x00000000f5580000, 0x00000000f8f80000, 0x0000000100000000)
  eden space 31744K, 100% used [0x00000000f5580000,0x00000000f7480000,0x00000000f7480000)
  from space 12800K, 0% used [0x00000000f7480000,0x00000000f7480000,0x00000000f8100000)
  to   space 12800K, 0% used [0x00000000f8100000,0x00000000f8100000,0x00000000f8d80000)
 ParOldGen       total 349696K, used 349693K [0x00000000e0000000, 0x00000000f5580000, 0x00000000f5580000)
  object space 349696K, 99% used [0x00000000e0000000,0x00000000f557f6e8,0x00000000f5580000)
 Metaspace       used 61168K, committed 62144K, reserved 1105920K
  class space    used 6018K, committed 6464K, reserved 1048576K
}
Event: 639.393 GC heap after
{Heap after GC invocations=553 (full 376):
 PSYoungGen      total 44544K, used 31743K [0x00000000f5580000, 0x00000000f8f80000, 0x0000000100000000)
  eden space 31744K, 99% used [0x00000000f5580000,0x00000000f747ff60,0x00000000f7480000)
  from space 12800K, 0% used [0x00000000f8100000,0x00000000f8100000,0x00000000f8d80000)
  to   space 12800K, 0% used [0x00000000f7480000,0x00000000f7480000,0x00000000f8100000)
 ParOldGen       total 349696K, used 349693K [0x00000000e0000000, 0x00000000f5580000, 0x00000000f5580000)
  object space 349696K, 99% used [0x00000000e0000000,0x00000000f557f6e8,0x00000000f5580000)
 Metaspace       used 61168K, committed 62144K, reserved 1105920K
  class space    used 6018K, committed 6464K, reserved 1048576K
}
Event: 639.394 GC heap before
{Heap before GC invocations=554 (full 377):
 PSYoungGen      total 44544K, used 31744K [0x00000000f5580000, 0x00000000f8f80000, 0x0000000100000000)
  eden space 31744K, 100% used [0x00000000f5580000,0x00000000f7480000,0x00000000f7480000)
  from space 12800K, 0% used [0x00000000f8100000,0x00000000f8100000,0x00000000f8d80000)
  to   space 12800K, 0% used [0x00000000f7480000,0x00000000f7480000,0x00000000f8100000)
 ParOldGen       total 349696K, used 349693K [0x00000000e0000000, 0x00000000f5580000, 0x00000000f5580000)
  object space 349696K, 99% used [0x00000000e0000000,0x00000000f557f6e8,0x00000000f5580000)
 Metaspace       used 61168K, committed 62144K, reserved 1105920K
  class space    used 6018K, committed 6464K, reserved 1048576K
}
Event: 640.979 GC heap after
{Heap after GC invocations=554 (full 377):
 PSYoungGen      total 44544K, used 31743K [0x00000000f5580000, 0x00000000f8f80000, 0x0000000100000000)
  eden space 31744K, 99% used [0x00000000f5580000,0x00000000f747ff60,0x00000000f7480000)
  from space 12800K, 0% used [0x00000000f7480000,0x00000000f7480000,0x00000000f8100000)
  to   space 12800K, 0% used [0x00000000f8100000,0x00000000f8100000,0x00000000f8d80000)
 ParOldGen       total 349696K, used 349693K [0x00000000e0000000, 0x00000000f5580000, 0x00000000f5580000)
  object space 349696K, 99% used [0x00000000e0000000,0x00000000f557f6c8,0x00000000f5580000)
 Metaspace       used 61168K, committed 62144K, reserved 1105920K
  class space    used 6018K, committed 6464K, reserved 1048576K
}
Event: 640.980 GC heap before
{Heap before GC invocations=555 (full 378):
 PSYoungGen      total 44544K, used 31743K [0x00000000f5580000, 0x00000000f8f80000, 0x0000000100000000)
  eden space 31744K, 99% used [0x00000000f5580000,0x00000000f747fff0,0x00000000f7480000)
  from space 12800K, 0% used [0x00000000f7480000,0x00000000f7480000,0x00000000f8100000)
  to   space 12800K, 0% used [0x00000000f8100000,0x00000000f8100000,0x00000000f8d80000)
 ParOldGen       total 349696K, used 349693K [0x00000000e0000000, 0x00000000f5580000, 0x00000000f5580000)
  object space 349696K, 99% used [0x00000000e0000000,0x00000000f557f6c8,0x00000000f5580000)
 Metaspace       used 61168K, committed 62144K, reserved 1105920K
  class space    used 6018K, committed 6464K, reserved 1048576K
}
Event: 642.462 GC heap after
{Heap after GC invocations=555 (full 378):
 PSYoungGen      total 44544K, used 31743K [0x00000000f5580000, 0x00000000f8f80000, 0x0000000100000000)
  eden space 31744K, 99% used [0x00000000f5580000,0x00000000f747ff80,0x00000000f7480000)
  from space 12800K, 0% used [0x00000000f8100000,0x00000000f8100000,0x00000000f8d80000)
  to   space 12800K, 0% used [0x00000000f7480000,0x00000000f7480000,0x00000000f8100000)
 ParOldGen       total 349696K, used 349693K [0x00000000e0000000, 0x00000000f5580000, 0x00000000f5580000)
  object space 349696K, 99% used [0x00000000e0000000,0x00000000f557f6a8,0x00000000f5580000)
 Metaspace       used 61168K, committed 62144K, reserved 1105920K
  class space    used 6018K, committed 6464K, reserved 1048576K
}
Event: 642.463 GC heap before
{Heap before GC invocations=556 (full 379):
 PSYoungGen      total 44544K, used 31743K [0x00000000f5580000, 0x00000000f8f80000, 0x0000000100000000)
  eden space 31744K, 99% used [0x00000000f5580000,0x00000000f747ffb8,0x00000000f7480000)
  from space 12800K, 0% used [0x00000000f8100000,0x00000000f8100000,0x00000000f8d80000)
  to   space 12800K, 0% used [0x00000000f7480000,0x00000000f7480000,0x00000000f8100000)
 ParOldGen       total 349696K, used 349693K [0x00000000e0000000, 0x00000000f5580000, 0x00000000f5580000)
  object space 349696K, 99% used [0x00000000e0000000,0x00000000f557f6a8,0x00000000f5580000)
 Metaspace       used 61168K, committed 62144K, reserved 1105920K
  class space    used 6018K, committed 6464K, reserved 1048576K
}
Event: 643.945 GC heap after
{Heap after GC invocations=556 (full 379):
 PSYoungGen      total 44544K, used 31743K [0x00000000f5580000, 0x00000000f8f80000, 0x0000000100000000)
  eden space 31744K, 99% used [0x00000000f5580000,0x00000000f747ff98,0x00000000f7480000)
  from space 12800K, 0% used [0x00000000f7480000,0x00000000f7480000,0x00000000f8100000)
  to   space 12800K, 0% used [0x00000000f8100000,0x00000000f8100000,0x00000000f8d80000)
 ParOldGen       total 349696K, used 349693K [0x00000000e0000000, 0x00000000f5580000, 0x00000000f5580000)
  object space 349696K, 99% used [0x00000000e0000000,0x00000000f557f6a8,0x00000000f5580000)
 Metaspace       used 61168K, committed 62144K, reserved 1105920K
  class space    used 6018K, committed 6464K, reserved 1048576K
}
Event: 643.945 GC heap before
{Heap before GC invocations=557 (full 380):
 PSYoungGen      total 44544K, used 31743K [0x00000000f5580000, 0x00000000f8f80000, 0x0000000100000000)
  eden space 31744K, 99% used [0x00000000f5580000,0x00000000f747ff98,0x00000000f7480000)
  from space 12800K, 0% used [0x00000000f7480000,0x00000000f7480000,0x00000000f8100000)
  to   space 12800K, 0% used [0x00000000f8100000,0x00000000f8100000,0x00000000f8d80000)
 ParOldGen       total 349696K, used 349693K [0x00000000e0000000, 0x00000000f5580000, 0x00000000f5580000)
  object space 349696K, 99% used [0x00000000e0000000,0x00000000f557f6a8,0x00000000f5580000)
 Metaspace       used 61168K, committed 62144K, reserved 1105920K
  class space    used 6018K, committed 6464K, reserved 1048576K
}
Event: 645.405 GC heap after
{Heap after GC invocations=557 (full 380):
 PSYoungGen      total 44544K, used 31743K [0x00000000f5580000, 0x00000000f8f80000, 0x0000000100000000)
  eden space 31744K, 99% used [0x00000000f5580000,0x00000000f747ff98,0x00000000f7480000)
  from space 12800K, 0% used [0x00000000f8100000,0x00000000f8100000,0x00000000f8d80000)
  to   space 12800K, 0% used [0x00000000f7480000,0x00000000f7480000,0x00000000f8100000)
 ParOldGen       total 349696K, used 349693K [0x00000000e0000000, 0x00000000f5580000, 0x00000000f5580000)
  object space 349696K, 99% used [0x00000000e0000000,0x00000000f557f6a8,0x00000000f5580000)
 Metaspace       used 61168K, committed 62144K, reserved 1105920K
  class space    used 6018K, committed 6464K, reserved 1048576K
}

