# JRE version: OpenJDK Runtime Environment GraalVM CE 22.3.0 (17.0.5+8) (build 17.0.5+8-jvmci-22.3-b08)
# Java VM: OpenJDK 64-Bit Server VM GraalVM CE 22.3.0 (17.0.5+8-jvmci-22.3-b08, mixed mode, sharing, tiered, jvmci, jvmci compiler, compressed oops, compressed class ptrs, parallel gc, linux-amd64)
GC Precious Log:
 CPUs: 8 total, 1 available
 Memory: 1024M
 Large Page Support: Disabled
 NUMA Support: Disabled
 Compressed Oops: Enabled (32-bit)
 Alignments: Space 512K, Generation 512K, Heap 2M
 Heap Min Capacity: 100M
 Heap Initial Capacity: 100M
 Heap Max Capacity: 512M
 Pre-touch: Disabled
 Parallel Workers: 1
Heap:
 PSYoungGen      total 35840K, used 20479K [0x00000000f5580000, 0x00000000f8a80000, 0x0000000100000000)
  eden space 20480K, 99% used [0x00000000f5580000,0x00000000f697fff8,0x00000000f6980000)
  from space 15360K, 0% used [0x00000000f7b80000,0x00000000f7b80000,0x00000000f8a80000)
  to   space 7680K, 0% used [0x00000000f6980000,0x00000000f6980000,0x00000000f7100000)
 ParOldGen       total 349696K, used 349695K [0x00000000e0000000, 0x00000000f5580000, 0x00000000f5580000)
  object space 349696K, 99% used [0x00000000e0000000,0x00000000f557ff28,0x00000000f5580000)
 Metaspace       used 59965K, committed 60992K, reserved 1105920K
  class space    used 5919K, committed 6400K, reserved 1048576K
GC Heap History (20 events):
Event: 1080.773 GC heap before
{Heap before GC invocations=846 (full 736):
 PSYoungGen      total 35840K, used 20480K [0x00000000f5580000, 0x00000000f8a80000, 0x0000000100000000)
  eden space 20480K, 100% used [0x00000000f5580000,0x00000000f6980000,0x00000000f6980000)
  from space 15360K, 0% used [0x00000000f7b80000,0x00000000f7b80000,0x00000000f8a80000)
  to   space 7680K, 0% used [0x00000000f6980000,0x00000000f6980000,0x00000000f7100000)
 ParOldGen       total 349696K, used 349696K [0x00000000e0000000, 0x00000000f5580000, 0x00000000f5580000)
  object space 349696K, 100% used [0x00000000e0000000,0x00000000f5580000,0x00000000f5580000)
 Metaspace       used 59965K, committed 60992K, reserved 1105920K
  class space    used 5919K, committed 6400K, reserved 1048576K
}
Event: 1082.387 GC heap after
{Heap after GC invocations=846 (full 736):
 PSYoungGen      total 28160K, used 20480K [0x00000000f5580000, 0x00000000f8a80000, 0x0000000100000000)
  eden space 20480K, 100% used [0x00000000f5580000,0x00000000f6980000,0x00000000f6980000)
  from space 7680K, 0% used [0x00000000f6980000,0x00000000f6980000,0x00000000f7100000)
  to   space 15360K, 0% used [0x00000000f7b80000,0x00000000f7b80000,0x00000000f8a80000)
 ParOldGen       total 349696K, used 349695K [0x00000000e0000000, 0x00000000f5580000, 0x00000000f5580000)
  object space 349696K, 99% used [0x00000000e0000000,0x00000000f557fc70,0x00000000f5580000)
 Metaspace       used 59965K, committed 60992K, reserved 1105920K
  class space    used 5919K, committed 6400K, reserved 1048576K
}
Event: 1082.389 GC heap before
{Heap before GC invocations=847 (full 737):
 PSYoungGen      total 28160K, used 20480K [0x00000000f5580000, 0x00000000f8a80000, 0x0000000100000000)
  eden space 20480K, 100% used [0x00000000f5580000,0x00000000f6980000,0x00000000f6980000)
  from space 7680K, 0% used [0x00000000f6980000,0x00000000f6980000,0x00000000f7100000)
  to   space 15360K, 0% used [0x00000000f7b80000,0x00000000f7b80000,0x00000000f8a80000)
 ParOldGen       total 349696K, used 349695K [0x00000000e0000000, 0x00000000f5580000, 0x00000000f5580000)
  object space 349696K, 99% used [0x00000000e0000000,0x00000000f557fce8,0x00000000f5580000)
 Metaspace       used 59965K, committed 60992K, reserved 1105920K
  class space    used 5919K, committed 6400K, reserved 1048576K
}
Event: 1084.086 GC heap after
{Heap after GC invocations=847 (full 737):
 PSYoungGen      total 35840K, used 20479K [0x00000000f5580000, 0x00000000f8a80000, 0x0000000100000000)
  eden space 20480K, 99% used [0x00000000f5580000,0x00000000f697ffe0,0x00000000f6980000)
  from space 15360K, 0% used [0x00000000f7b80000,0x00000000f7b80000,0x00000000f8a80000)
  to   space 7680K, 0% used [0x00000000f6980000,0x00000000f6980000,0x00000000f7100000)
 ParOldGen       total 349696K, used 349695K [0x00000000e0000000, 0x00000000f5580000, 0x00000000f5580000)
  object space 349696K, 99% used [0x00000000e0000000,0x00000000f557fcc8,0x00000000f5580000)
 Metaspace       used 59965K, committed 60992K, reserved 1105920K
  class space    used 5919K, committed 6400K, reserved 1048576K
}
Event: 1084.088 GC heap before
{Heap before GC invocations=848 (full 738):
 PSYoungGen      total 35840K, used 20479K [0x00000000f5580000, 0x00000000f8a80000, 0x0000000100000000)
  eden space 20480K, 99% used [0x00000000f5580000,0x00000000f697fff8,0x00000000f6980000)
  from space 15360K, 0% used [0x00000000f7b80000,0x00000000f7b80000,0x00000000f8a80000)
  to   space 7680K, 0% used [0x00000000f6980000,0x00000000f6980000,0x00000000f7100000)
 ParOldGen       total 349696K, used 349695K [0x00000000e0000000, 0x00000000f5580000, 0x00000000f5580000)
  object space 349696K, 99% used [0x00000000e0000000,0x00000000f557fcc8,0x00000000f5580000)
 Metaspace       used 59965K, committed 60992K, reserved 1105920K
  class space    used 5919K, committed 6400K, reserved 1048576K
}
Event: 1085.697 GC heap after
{Heap after GC invocations=848 (full 738):
 PSYoungGen      total 28160K, used 20479K [0x00000000f5580000, 0x00000000f8a80000, 0x0000000100000000)
  eden space 20480K, 99% used [0x00000000f5580000,0x00000000f697fff8,0x00000000f6980000)
  from space 7680K, 0% used [0x00000000f6980000,0x00000000f6980000,0x00000000f7100000)
  to   space 15360K, 0% used [0x00000000f7b80000,0x00000000f7b80000,0x00000000f8a80000)
 ParOldGen       total 349696K, used 349695K [0x00000000e0000000, 0x00000000f5580000, 0x00000000f5580000)
  object space 349696K, 99% used [0x00000000e0000000,0x00000000f557fca8,0x00000000f5580000)
 Metaspace       used 59965K, committed 60992K, reserved 1105920K
  class space    used 5919K, committed 6400K, reserved 1048576K
}
Event: 1085.697 GC heap before
{Heap before GC invocations=849 (full 739):
 PSYoungGen      total 28160K, used 20479K [0x00000000f5580000, 0x00000000f8a80000, 0x0000000100000000)
  eden space 20480K, 99% used [0x00000000f5580000,0x00000000f697fff8,0x00000000f6980000)
  from space 7680K, 0% used [0x00000000f6980000,0x00000000f6980000,0x00000000f7100000)
  to   space 15360K, 0% used [0x00000000f7b80000,0x00000000f7b80000,0x00000000f8a80000)
 ParOldGen       total 349696K, used 349695K [0x00000000e0000000, 0x00000000f5580000, 0x00000000f5580000)
  object space 349696K, 99% used [0x00000000e0000000,0x00000000f557fff8,0x00000000f5580000)
 Metaspace       used 59965K, committed 60992K, reserved 1105920K
  class space    used 5919K, committed 6400K, reserved 1048576K
}
Event: 1087.372 GC heap after
{Heap after GC invocations=849 (full 739):
 PSYoungGen      total 35840K, used 20479K [0x00000000f5580000, 0x00000000f8a80000, 0x0000000100000000)
  eden space 20480K, 99% used [0x00000000f5580000,0x00000000f697fff8,0x00000000f6980000)
  from space 15360K, 0% used [0x00000000f7b80000,0x00000000f7b80000,0x00000000f8a80000)
  to   space 7680K, 0% used [0x00000000f6980000,0x00000000f6980000,0x00000000f7100000)
 ParOldGen       total 349696K, used 349695K [0x00000000e0000000, 0x00000000f5580000, 0x00000000f5580000)
  object space 349696K, 99% used [0x00000000e0000000,0x00000000f557ffe8,0x00000000f5580000)
 Metaspace       used 59965K, committed 60992K, reserved 1105920K
  class space    used 5919K, committed 6400K, reserved 1048576K
}
Event: 1087.372 GC heap before
{Heap before GC invocations=850 (full 740):
 PSYoungGen      total 35840K, used 20479K [0x00000000f5580000, 0x00000000f8a80000, 0x0000000100000000)
  eden space 20480K, 99% used [0x00000000f5580000,0x00000000f697fff8,0x00000000f6980000)
  from space 15360K, 0% used [0x00000000f7b80000,0x00000000f7b80000,0x00000000f8a80000)
  to   space 7680K, 0% used [0x00000000f6980000,0x00000000f6980000,0x00000000f7100000)
 ParOldGen       total 349696K, used 349695K [0x00000000e0000000, 0x00000000f5580000, 0x00000000f5580000)
  object space 349696K, 99% used [0x00000000e0000000,0x00000000f557fff8,0x00000000f5580000)
 Metaspace       used 59965K, committed 60992K, reserved 1105920K
  class space    used 5919K, committed 6400K, reserved 1048576K
}
Event: 1089.171 GC heap after
{Heap after GC invocations=850 (full 740):
 PSYoungGen      total 28160K, used 20479K [0x00000000f5580000, 0x00000000f8a80000, 0x0000000100000000)
  eden space 20480K, 99% used [0x00000000f5580000,0x00000000f697fff8,0x00000000f6980000)
  from space 7680K, 0% used [0x00000000f6980000,0x00000000f6980000,0x00000000f7100000)
  to   space 15360K, 0% used [0x00000000f7b80000,0x00000000f7b80000,0x00000000f8a80000)
 ParOldGen       total 349696K, used 349695K [0x00000000e0000000, 0x00000000f5580000, 0x00000000f5580000)
  object space 349696K, 99% used [0x00000000e0000000,0x00000000f557ffc8,0x00000000f5580000)
 Metaspace       used 59965K, committed 60992K, reserved 1105920K
  class space    used 5919K, committed 6400K, reserved 1048576K
}
Event: 1089.171 GC heap before
{Heap before GC invocations=851 (full 741):
 PSYoungGen      total 28160K, used 20479K [0x00000000f5580000, 0x00000000f8a80000, 0x0000000100000000)
  eden space 20480K, 99% used [0x00000000f5580000,0x00000000f697fff8,0x00000000f6980000)
  from space 7680K, 0% used [0x00000000f6980000,0x00000000f6980000,0x00000000f7100000)
  to   space 15360K, 0% used [0x00000000f7b80000,0x00000000f7b80000,0x00000000f8a80000)
 ParOldGen       total 349696K, used 349695K [0x00000000e0000000, 0x00000000f5580000, 0x00000000f5580000)
  object space 349696K, 99% used [0x00000000e0000000,0x00000000f557ffe0,0x00000000f5580000)
 Metaspace       used 59965K, committed 60992K, reserved 1105920K
  class space    used 5919K, committed 6400K, reserved 1048576K
}
Event: 1090.778 GC heap after
{Heap after GC invocations=851 (full 741):
 PSYoungGen      total 35840K, used 20479K [0x00000000f5580000, 0x00000000f8a80000, 0x0000000100000000)
  eden space 20480K, 99% used [0x00000000f5580000,0x00000000f697fff8,0x00000000f6980000)
  from space 15360K, 0% used [0x00000000f7b80000,0x00000000f7b80000,0x00000000f8a80000)
  to   space 7680K, 0% used [0x00000000f6980000,0x00000000f6980000,0x00000000f7100000)
 ParOldGen       total 349696K, used 349695K [0x00000000e0000000, 0x00000000f5580000, 0x00000000f5580000)
  object space 349696K, 99% used [0x00000000e0000000,0x00000000f557ffe0,0x00000000f5580000)
 Metaspace       used 59965K, committed 60992K, reserved 1105920K
  class space    used 5919K, committed 6400K, reserved 1048576K
}
Event: 1090.778 GC heap before
{Heap before GC invocations=852 (full 742):
 PSYoungGen      total 35840K, used 20479K [0x00000000f5580000, 0x00000000f8a80000, 0x0000000100000000)
  eden space 20480K, 99% used [0x00000000f5580000,0x00000000f697fff8,0x00000000f6980000)
  from space 15360K, 0% used [0x00000000f7b80000,0x00000000f7b80000,0x00000000f8a80000)
  to   space 7680K, 0% used [0x00000000f6980000,0x00000000f6980000,0x00000000f7100000)
 ParOldGen       total 349696K, used 349695K [0x00000000e0000000, 0x00000000f5580000, 0x00000000f5580000)
  object space 349696K, 99% used [0x00000000e0000000,0x00000000f557ffe0,0x00000000f5580000)
 Metaspace       used 59965K, committed 60992K, reserved 1105920K
  class space    used 5919K, committed 6400K, reserved 1048576K
}
Event: 1092.608 GC heap after
{Heap after GC invocations=852 (full 742):
 PSYoungGen      total 28160K, used 20479K [0x00000000f5580000, 0x00000000f8a80000, 0x0000000100000000)
  eden space 20480K, 99% used [0x00000000f5580000,0x00000000f697fff8,0x00000000f6980000)
  from space 7680K, 0% used [0x00000000f6980000,0x00000000f6980000,0x00000000f7100000)
  to   space 15360K, 0% used [0x00000000f7b80000,0x00000000f7b80000,0x00000000f8a80000)
 ParOldGen       total 349696K, used 349694K [0x00000000e0000000, 0x00000000f5580000, 0x00000000f5580000)
  object space 349696K, 99% used [0x00000000e0000000,0x00000000f557f940,0x00000000f5580000)
 Metaspace       used 59965K, committed 60992K, reserved 1105920K
  class space    used 5919K, committed 6400K, reserved 1048576K
}
Event: 1092.609 GC heap before
{Heap before GC invocations=853 (full 743):
 PSYoungGen      total 28160K, used 20479K [0x00000000f5580000, 0x00000000f8a80000, 0x0000000100000000)
  eden space 20480K, 99% used [0x00000000f5580000,0x00000000f697fff8,0x00000000f6980000)
  from space 7680K, 0% used [0x00000000f6980000,0x00000000f6980000,0x00000000f7100000)
  to   space 15360K, 0% used [0x00000000f7b80000,0x00000000f7b80000,0x00000000f8a80000)
 ParOldGen       total 349696K, used 349694K [0x00000000e0000000, 0x00000000f5580000, 0x00000000f5580000)
  object space 349696K, 99% used [0x00000000e0000000,0x00000000f557fbe8,0x00000000f5580000)
 Metaspace       used 59965K, committed 60992K, reserved 1105920K
  class space    used 5919K, committed 6400K, reserved 1048576K
}
Event: 1094.372 GC heap after
{Heap after GC invocations=853 (full 743):
 PSYoungGen      total 35840K, used 20479K [0x00000000f5580000, 0x00000000f8a80000, 0x0000000100000000)
  eden space 20480K, 99% used [0x00000000f5580000,0x00000000f697fff8,0x00000000f6980000)
  from space 15360K, 0% used [0x00000000f7b80000,0x00000000f7b80000,0x00000000f8a80000)
  to   space 7680K, 0% used [0x00000000f6980000,0x00000000f6980000,0x00000000f7100000)
 ParOldGen       total 349696K, used 349694K [0x00000000e0000000, 0x00000000f5580000, 0x00000000f5580000)
  object space 349696K, 99% used [0x00000000e0000000,0x00000000f557f988,0x00000000f5580000)
 Metaspace       used 59965K, committed 60992K, reserved 1105920K
  class space    used 5919K, committed 6400K, reserved 1048576K
}
Event: 1094.374 GC heap before
{Heap before GC invocations=854 (full 744):
 PSYoungGen      total 35840K, used 20479K [0x00000000f5580000, 0x00000000f8a80000, 0x0000000100000000)
  eden space 20480K, 99% used [0x00000000f5580000,0x00000000f697fff8,0x00000000f6980000)
  from space 15360K, 0% used [0x00000000f7b80000,0x00000000f7b80000,0x00000000f8a80000)
  to   space 7680K, 0% used [0x00000000f6980000,0x00000000f6980000,0x00000000f7100000)
 ParOldGen       total 349696K, used 349694K [0x00000000e0000000, 0x00000000f5580000, 0x00000000f5580000)
  object space 349696K, 99% used [0x00000000e0000000,0x00000000f557fab0,0x00000000f5580000)
 Metaspace       used 59965K, committed 60992K, reserved 1105920K
  class space    used 5919K, committed 6400K, reserved 1048576K
}
Event: 1095.971 GC heap after
{Heap after GC invocations=854 (full 744):
 PSYoungGen      total 28160K, used 20479K [0x00000000f5580000, 0x00000000f8a80000, 0x0000000100000000)
  eden space 20480K, 99% used [0x00000000f5580000,0x00000000f697fff8,0x00000000f6980000)
  from space 7680K, 0% used [0x00000000f6980000,0x00000000f6980000,0x00000000f7100000)
  to   space 15360K, 0% used [0x00000000f7b80000,0x00000000f7b80000,0x00000000f8a80000)
 ParOldGen       total 349696K, used 349694K [0x00000000e0000000, 0x00000000f5580000, 0x00000000f5580000)
  object space 349696K, 99% used [0x00000000e0000000,0x00000000f557f980,0x00000000f5580000)
 Metaspace       used 59965K, committed 60992K, reserved 1105920K
  class space    used 5919K, committed 6400K, reserved 1048576K
}
Event: 1095.971 GC heap before
{Heap before GC invocations=855 (full 745):
 PSYoungGen      total 28160K, used 20479K [0x00000000f5580000, 0x00000000f8a80000, 0x0000000100000000)
  eden space 20480K, 99% used [0x00000000f5580000,0x00000000f697fff8,0x00000000f6980000)
  from space 7680K, 0% used [0x00000000f6980000,0x00000000f6980000,0x00000000f7100000)
  to   space 15360K, 0% used [0x00000000f7b80000,0x00000000f7b80000,0x00000000f8a80000)
 ParOldGen       total 349696K, used 349694K [0x00000000e0000000, 0x00000000f5580000, 0x00000000f5580000)
  object space 349696K, 99% used [0x00000000e0000000,0x00000000f557f980,0x00000000f5580000)
 Metaspace       used 59965K, committed 60992K, reserved 1105920K
  class space    used 5919K, committed 6400K, reserved 1048576K
}
Event: 1097.610 GC heap after
{Heap after GC invocations=855 (full 745):
 PSYoungGen      total 35840K, used 20479K [0x00000000f5580000, 0x00000000f8a80000, 0x0000000100000000)
  eden space 20480K, 99% used [0x00000000f5580000,0x00000000f697fff8,0x00000000f6980000)
  from space 15360K, 0% used [0x00000000f7b80000,0x00000000f7b80000,0x00000000f8a80000)
  to   space 7680K, 0% used [0x00000000f6980000,0x00000000f6980000,0x00000000f7100000)
 ParOldGen       total 349696K, used 349694K [0x00000000e0000000, 0x00000000f5580000, 0x00000000f5580000)
  object space 349696K, 99% used [0x00000000e0000000,0x00000000f557f980,0x00000000f5580000)
 Metaspace       used 59965K, committed 60992K, reserved 1105920K
  class space    used 5919K, committed 6400K, reserved 1048576K
}

